<?xml version="1.0" encoding="UTF-8"?>
<!-- Generated by org.testng.reporters.JUnitReportReporter -->
<testsuite hostname="arun" failures="0" tests="5" name="tests.SearchHotelPageTest" time="10.109" errors="0" timestamp="2024-11-24T13:29:23 IST" skipped="0">
  <testcase classname="tests.SearchHotelPageTest" name="testSearchWithProperData" time="2.107"/>
  <system-out/>
  <testcase classname="tests.SearchHotelPageTest" name="testSearchWithRequiredFieldsOnly" time="1.335"/>
  <system-out/>
  <testcase classname="tests.SearchHotelPageTest" name="testSearchWithInterchangedDates" time="1.635"/>
  <system-out/>
  <testcase classname="tests.SearchHotelPageTest" name="testSearchWithEmptyRequiredFields" time="0.436"/>
  <system-out/>
  <testcase classname="tests.SearchHotelPageTest" name="testLinksOnSearchHotelPage" time="4.596"/>
  <system-out/>
</testsuite> <!-- tests.SearchHotelPageTest -->
