<?xml version="1.0" encoding="UTF-8"?>
<!-- Generated by org.testng.reporters.JUnitReportReporter -->
<testsuite hostname="arun" failures="0" tests="1" name="tests.LoginTest" time="7.424" errors="0" timestamp="2024-11-21T21:54:31 IST" skipped="0">
  <testcase classname="tests.LoginTest" name="testValidLogin" time="7.424"/>
  <system-out/>
</testsuite> <!-- tests.LoginTest -->
