<?xml version="1.0" encoding="UTF-8"?>
<!-- Generated by org.testng.reporters.JUnitReportReporter -->
<testsuite hostname="arun" failures="0" tests="1" name="tests.HotelBookingTest" time="6.938" errors="0" timestamp="2024-11-24T13:30:31 IST" skipped="0">
  <testcase classname="tests.HotelBookingTest" name="testHotelBookingWorkflow" time="6.938"/>
  <system-out/>
</testsuite> <!-- tests.HotelBookingTest -->
