<?xml version="1.0" encoding="UTF-8"?>
<!-- Generated by org.testng.reporters.JUnitReportReporter -->
<testsuite hostname="arun" failures="0" tests="6" name="tests.LoginPageTest" time="23.693" errors="0" timestamp="2024-11-24T13:28:53 IST" skipped="0">
  <testcase classname="tests.LoginPageTest" name="testLogin" time="6.651"/>
  <system-out/>
  <testcase classname="tests.LoginPageTest" name="testLogin" time="6.545"/>
  <system-out/>
  <testcase classname="tests.LoginPageTest" name="testLogin" time="6.541"/>
  <system-out/>
  <testcase classname="tests.LoginPageTest" name="testLogin" time="1.522"/>
  <system-out/>
  <testcase classname="tests.LoginPageTest" name="testForgotPassword" time="1.635"/>
  <system-out/>
  <testcase classname="tests.LoginPageTest" name="testNavigateToRegisterPage" time="0.799"/>
  <system-out/>
</testsuite> <!-- tests.LoginPageTest -->
