<?xml version="1.0" encoding="UTF-8"?>
<!-- Generated by org.testng.reporters.JUnitReportReporter -->
<testsuite hostname="arun" failures="0" tests="2" name="capstone.Testng_sample" time="0.025" errors="0" timestamp="2024-11-21T13:34:18 IST" skipped="0">
  <testcase classname="capstone.Testng_sample" name="testString" time="0.003"/>
  <system-out/>
  <testcase classname="capstone.Testng_sample" name="testAddition" time="0.022"/>
  <system-out/>
</testsuite> <!-- capstone.Testng_sample -->
