<?xml version="1.0" encoding="UTF-8"?>
<!-- Generated by org.testng.reporters.JUnitReportReporter -->
<testsuite hostname="arun" failures="0" tests="5" name="tests.SearchHotelPageTest" time="20.168" errors="0" timestamp="2024-11-25T15:15:56 IST" skipped="0">
  <testcase classname="tests.SearchHotelPageTest" name="testSearchWithProperData" time="2.526"/>
  <system-out/>
  <testcase classname="tests.SearchHotelPageTest" name="testSearchWithRequiredFieldsOnly" time="3.763"/>
  <system-out/>
  <testcase classname="tests.SearchHotelPageTest" name="testSearchWithInterchangedDates" time="1.940"/>
  <system-out/>
  <testcase classname="tests.SearchHotelPageTest" name="testSearchWithEmptyRequiredFields" time="1.075"/>
  <system-out/>
  <testcase classname="tests.SearchHotelPageTest" name="testLinksOnSearchHotelPage" time="10.864"/>
  <system-out/>
</testsuite> <!-- tests.SearchHotelPageTest -->
