<?xml version="1.0" encoding="UTF-8"?>
<!-- Generated by org.testng.reporters.JUnitReportReporter -->
<testsuite hostname="arun" failures="0" tests="1" name="tests.SelectHotelPageTest" time="29.106" errors="0" timestamp="2024-11-25T12:31:07 IST" skipped="0">
  <testcase classname="tests.SelectHotelPageTest" name="testSelectHotelOptions" time="29.106"/>
  <system-out/>
</testsuite> <!-- tests.SelectHotelPageTest -->
