<?xml version="1.0" encoding="UTF-8"?>
<!-- Generated by org.testng.reporters.JUnitReportReporter -->
<testsuite hostname="arun" failures="0" tests="6" name="tests.LoginPageTest" time="24.487" errors="0" timestamp="2024-11-25T15:15:56 IST" skipped="0">
  <testcase classname="tests.LoginPageTest" name="testLogin" time="6.607"/>
  <system-out/>
  <testcase classname="tests.LoginPageTest" name="testLogin" time="6.483"/>
  <system-out/>
  <testcase classname="tests.LoginPageTest" name="testLogin" time="7.139"/>
  <system-out/>
  <testcase classname="tests.LoginPageTest" name="testLogin" time="1.928"/>
  <system-out/>
  <testcase classname="tests.LoginPageTest" name="testForgotPassword" time="1.566"/>
  <system-out/>
  <testcase classname="tests.LoginPageTest" name="testNavigateToRegisterPage" time="0.764"/>
  <system-out/>
</testsuite> <!-- tests.LoginPageTest -->
