<?xml version="1.0" encoding="UTF-8"?>
<!-- Generated by org.testng.reporters.JUnitReportReporter -->
<testsuite hostname="arun" failures="0" tests="2" name="tests.BookHotelPageTest" time="4.908" errors="0" timestamp="2024-11-25T15:15:56 IST" skipped="0">
  <testcase classname="tests.BookHotelPageTest" name="testBookHotel" time="2.782"/>
  <system-out/>
  <testcase classname="tests.BookHotelPageTest" name="testBookHotel" time="2.126"/>
  <system-out/>
</testsuite> <!-- tests.BookHotelPageTest -->
