<?xml version="1.0" encoding="UTF-8"?>
<!-- Generated by org.testng.reporters.JUnitReportReporter -->
<testsuite hostname="arun" failures="0" tests="6" name="tests.LoginPageTest" time="24.109" errors="0" timestamp="2024-11-25T12:31:07 IST" skipped="0">
  <testcase classname="tests.LoginPageTest" name="testLogin" time="6.781"/>
  <system-out/>
  <testcase classname="tests.LoginPageTest" name="testLogin" time="6.911"/>
  <system-out/>
  <testcase classname="tests.LoginPageTest" name="testLogin" time="6.534"/>
  <system-out/>
  <testcase classname="tests.LoginPageTest" name="testLogin" time="1.838"/>
  <system-out/>
  <testcase classname="tests.LoginPageTest" name="testForgotPassword" time="1.175"/>
  <system-out/>
  <testcase classname="tests.LoginPageTest" name="testNavigateToRegisterPage" time="0.870"/>
  <system-out/>
</testsuite> <!-- tests.LoginPageTest -->
