<?xml version="1.0" encoding="UTF-8"?>
<!-- Generated by org.testng.reporters.JUnitReportReporter -->
<testsuite hostname="arun" failures="0" tests="2" name="tests.BookHotelPageTest" time="2.608" errors="0" timestamp="2024-11-25T12:31:07 IST" skipped="0">
  <testcase classname="tests.BookHotelPageTest" name="testBookHotel" time="1.346"/>
  <system-out/>
  <testcase classname="tests.BookHotelPageTest" name="testBookHotel" time="1.262"/>
  <system-out/>
</testsuite> <!-- tests.BookHotelPageTest -->
