<?xml version="1.0" encoding="UTF-8"?>
<!-- Generated by org.testng.reporters.JUnitReportReporter -->
<testsuite hostname="arun" failures="0" tests="1" name="tests.HotelBookingTest" time="7.703" errors="0" timestamp="2024-11-25T12:31:07 IST" skipped="0">
  <testcase classname="tests.HotelBookingTest" name="testHotelBookingWorkflow" time="7.703"/>
  <system-out/>
</testsuite> <!-- tests.HotelBookingTest -->
