<?xml version="1.0" encoding="UTF-8"?>
<!-- Generated by org.testng.reporters.JUnitReportReporter -->
<testsuite hostname="arun" failures="0" tests="5" name="tests.SearchHotelPageTest" time="11.511" errors="0" timestamp="2024-11-25T12:31:07 IST" skipped="0">
  <testcase classname="tests.SearchHotelPageTest" name="testSearchWithProperData" time="2.089"/>
  <system-out/>
  <testcase classname="tests.SearchHotelPageTest" name="testSearchWithRequiredFieldsOnly" time="1.353"/>
  <system-out/>
  <testcase classname="tests.SearchHotelPageTest" name="testSearchWithInterchangedDates" time="1.732"/>
  <system-out/>
  <testcase classname="tests.SearchHotelPageTest" name="testSearchWithEmptyRequiredFields" time="0.451"/>
  <system-out/>
  <testcase classname="tests.SearchHotelPageTest" name="testLinksOnSearchHotelPage" time="5.886"/>
  <system-out/>
</testsuite> <!-- tests.SearchHotelPageTest -->
